This is pdfTeX, Version 3.141592653-2.6-1.40.26 (TeX Live 2025/dev/Debian) (preloaded format=pdflatex 2025.12.7)  8 DEC 2025 10:18
entering extended mode
 restricted \write18 enabled.
 %&-line parsing enabled.
**Thesis.tex
(./Thesis.tex
LaTeX2e <2024-11-01> patch level 2
L3 programming layer <2025-01-18>
(/usr/share/texlive/texmf-dist/tex/latex/base/article.cls
Document Class: article 2024/06/29 v1.4n Standard LaTeX document class
(/usr/share/texlive/texmf-dist/tex/latex/base/size12.clo
File: size12.clo 2024/06/29 v1.4n Standard LaTeX file (size option)
)
\c@part=\count196
\c@section=\count197
\c@subsection=\count198
\c@subsubsection=\count199
\c@paragraph=\count266
\c@subparagraph=\count267
\c@figure=\count268
\c@table=\count269
\abovecaptionskip=\skip49
\belowcaptionskip=\skip50
\bibindent=\dimen141
)
(/usr/share/texlive/texmf-dist/tex/latex/graphics/graphicx.sty
Package: graphicx 2021/09/16 v1.2d Enhanced LaTeX Graphics (DPC,SPQR)

(/usr/share/texlive/texmf-dist/tex/latex/graphics/keyval.sty
Package: keyval 2022/05/29 v1.15 key=value parser (DPC)
\KV@toks@=\toks17
)
(/usr/share/texlive/texmf-dist/tex/latex/graphics/graphics.sty
Package: graphics 2024/08/06 v1.4g Standard LaTeX Graphics (DPC,SPQR)

(/usr/share/texlive/texmf-dist/tex/latex/graphics/trig.sty
Package: trig 2023/12/02 v1.11 sin cos tan (DPC)
)
(/usr/share/texlive/texmf-dist/tex/latex/graphics-cfg/graphics.cfg
File: graphics.cfg 2016/06/04 v1.11 sample graphics configuration
)
Package graphics Info: Driver file: pdftex.def on input line 106.

(/usr/share/texlive/texmf-dist/tex/latex/graphics-def/pdftex.def
File: pdftex.def 2024/04/13 v1.2c Graphics/color driver for pdftex
))
\Gin@req@height=\dimen142
\Gin@req@width=\dimen143
)
(/usr/share/texlive/texmf-dist/tex/latex/hyperref/hyperref.sty
Package: hyperref 2024-11-05 v7.01l Hypertext links for LaTeX

(/usr/share/texlive/texmf-dist/tex/generic/iftex/iftex.sty
Package: iftex 2024/12/12 v1.0g TeX engine tests
)
(/usr/share/texlive/texmf-dist/tex/latex/kvsetkeys/kvsetkeys.sty
Package: kvsetkeys 2022-10-05 v1.19 Key value parser (HO)
)
(/usr/share/texlive/texmf-dist/tex/generic/kvdefinekeys/kvdefinekeys.sty
Package: kvdefinekeys 2019-12-19 v1.6 Define keys (HO)
)
(/usr/share/texlive/texmf-dist/tex/generic/pdfescape/pdfescape.sty
Package: pdfescape 2019/12/09 v1.15 Implements pdfTeX's escape features (HO)

(/usr/share/texlive/texmf-dist/tex/generic/ltxcmds/ltxcmds.sty
Package: ltxcmds 2023-12-04 v1.26 LaTeX kernel commands for general use (HO)
)
(/usr/share/texlive/texmf-dist/tex/generic/pdftexcmds/pdftexcmds.sty
Package: pdftexcmds 2020-06-27 v0.33 Utility functions of pdfTeX for LuaTeX (HO
)

(/usr/share/texlive/texmf-dist/tex/generic/infwarerr/infwarerr.sty
Package: infwarerr 2019/12/03 v1.5 Providing info/warning/error messages (HO)
)
Package pdftexcmds Info: \pdf@primitive is available.
Package pdftexcmds Info: \pdf@ifprimitive is available.
Package pdftexcmds Info: \pdfdraftmode found.
))
(/usr/share/texlive/texmf-dist/tex/latex/hycolor/hycolor.sty
Package: hycolor 2020-01-27 v1.10 Color options for hyperref/bookmark (HO)
)
(/usr/share/texlive/texmf-dist/tex/latex/hyperref/nameref.sty
Package: nameref 2023-11-26 v2.56 Cross-referencing by name of section

(/usr/share/texlive/texmf-dist/tex/latex/refcount/refcount.sty
Package: refcount 2019/12/15 v3.6 Data extraction from label references (HO)
)
(/usr/share/texlive/texmf-dist/tex/generic/gettitlestring/gettitlestring.sty
Package: gettitlestring 2019/12/15 v1.6 Cleanup title references (HO)

(/usr/share/texlive/texmf-dist/tex/latex/kvoptions/kvoptions.sty
Package: kvoptions 2022-06-15 v3.15 Key value format for package options (HO)
))
\c@section@level=\count270
)
(/usr/share/texlive/texmf-dist/tex/latex/etoolbox/etoolbox.sty
Package: etoolbox 2025/02/11 v2.5l e-TeX tools for LaTeX (JAW)
\etb@tempcnta=\count271
)
(/usr/share/texlive/texmf-dist/tex/generic/stringenc/stringenc.sty
Package: stringenc 2019/11/29 v1.12 Convert strings between diff. encodings (HO
)
)
\@linkdim=\dimen144
\Hy@linkcounter=\count272
\Hy@pagecounter=\count273

(/usr/share/texlive/texmf-dist/tex/latex/hyperref/pd1enc.def
File: pd1enc.def 2024-11-05 v7.01l Hyperref: PDFDocEncoding definition (HO)
Now handling font encoding PD1 ...
... no UTF-8 mapping file for font encoding PD1
)
(/usr/share/texlive/texmf-dist/tex/generic/intcalc/intcalc.sty
Package: intcalc 2019/12/15 v1.3 Expandable calculations with integers (HO)
)
\Hy@SavedSpaceFactor=\count274

(/usr/share/texlive/texmf-dist/tex/latex/hyperref/puenc.def
File: puenc.def 2024-11-05 v7.01l Hyperref: PDF Unicode definition (HO)
Now handling font encoding PU ...
... no UTF-8 mapping file for font encoding PU
)
Package hyperref Info: Hyper figures OFF on input line 4157.
Package hyperref Info: Link nesting OFF on input line 4162.
Package hyperref Info: Hyper index ON on input line 4165.
Package hyperref Info: Plain pages OFF on input line 4172.
Package hyperref Info: Backreferencing OFF on input line 4177.
Package hyperref Info: Implicit mode ON; LaTeX internals redefined.
Package hyperref Info: Bookmarks ON on input line 4424.
\c@Hy@tempcnt=\count275

(/usr/share/texlive/texmf-dist/tex/latex/url/url.sty
\Urlmuskip=\muskip17
Package: url 2013/09/16  ver 3.4  Verb mode for urls, etc.
)
LaTeX Info: Redefining \url on input line 4763.
\XeTeXLinkMargin=\dimen145

(/usr/share/texlive/texmf-dist/tex/generic/bitset/bitset.sty
Package: bitset 2019/12/09 v1.3 Handle bit-vector datatype (HO)

(/usr/share/texlive/texmf-dist/tex/generic/bigintcalc/bigintcalc.sty
Package: bigintcalc 2019/12/15 v1.5 Expandable calculations on big integers (HO
)
))
\Fld@menulength=\count276
\Field@Width=\dimen146
\Fld@charsize=\dimen147
Package hyperref Info: Hyper figures OFF on input line 6042.
Package hyperref Info: Link nesting OFF on input line 6047.
Package hyperref Info: Hyper index ON on input line 6050.
Package hyperref Info: backreferencing OFF on input line 6057.
Package hyperref Info: Link coloring OFF on input line 6062.
Package hyperref Info: Link coloring with OCG OFF on input line 6067.
Package hyperref Info: PDF/A mode OFF on input line 6072.

(/usr/share/texlive/texmf-dist/tex/latex/base/atbegshi-ltx.sty
Package: atbegshi-ltx 2021/01/10 v1.0c Emulation of the original atbegshi
package with kernel methods
)
\Hy@abspage=\count277
\c@Item=\count278
\c@Hfootnote=\count279
)
Package hyperref Info: Driver (autodetected): hpdftex.

(/usr/share/texlive/texmf-dist/tex/latex/hyperref/hpdftex.def
File: hpdftex.def 2024-11-05 v7.01l Hyperref driver for pdfTeX

(/usr/share/texlive/texmf-dist/tex/latex/base/atveryend-ltx.sty
Package: atveryend-ltx 2020/08/19 v1.0a Emulation of the original atveryend pac
kage
with kernel methods
)
\Fld@listcount=\count280
\c@bookmark@seq@number=\count281

(/usr/share/texlive/texmf-dist/tex/latex/rerunfilecheck/rerunfilecheck.sty
Package: rerunfilecheck 2022-07-10 v1.10 Rerun checks for auxiliary files (HO)

(/usr/share/texlive/texmf-dist/tex/generic/uniquecounter/uniquecounter.sty
Package: uniquecounter 2019/12/15 v1.4 Provide unlimited unique counter (HO)
)
Package uniquecounter Info: New unique counter `rerunfilecheck' on input line 2
85.
)
\Hy@SectionHShift=\skip51
)
(/usr/share/texlive/texmf-dist/tex/latex/float/float.sty
Package: float 2001/11/08 v1.3d Float enhancements (AL)
\c@float@type=\count282
\float@exts=\toks18
\float@box=\box52
\@float@everytoks=\toks19
\@floatcapt=\box53
)
(/usr/share/texlive/texmf-dist/tex/latex/listings/listings.sty
\lst@mode=\count283
\lst@gtempboxa=\box54
\lst@token=\toks20
\lst@length=\count284
\lst@currlwidth=\dimen148
\lst@column=\count285
\lst@pos=\count286
\lst@lostspace=\dimen149
\lst@width=\dimen150
\lst@newlines=\count287
\lst@lineno=\count288
\lst@maxwidth=\dimen151

(/usr/share/texlive/texmf-dist/tex/latex/listings/lstpatch.sty
File: lstpatch.sty 2024/09/23 1.10c (Carsten Heinz)
)
(/usr/share/texlive/texmf-dist/tex/latex/listings/lstmisc.sty
File: lstmisc.sty 2024/09/23 1.10c (Carsten Heinz)
\c@lstnumber=\count289
\lst@skipnumbers=\count290
\lst@framebox=\box55
)
(/usr/share/texlive/texmf-dist/tex/latex/listings/listings.cfg
File: listings.cfg 2024/09/23 1.10c listings configuration
))
Package: listings 2024/09/23 1.10c (Carsten Heinz)

(/usr/share/texlive/texmf-dist/tex/latex/filecontents/filecontents.sty
Package: filecontents 2023/04/02 v1.5a Create an external file from within a La
TeX document


Package filecontents Warning: This package is obsolete. Disabling it and
(filecontents)                passing control to the filecontents environment
(filecontents)                defined by the LaTeX kernel.

) (/usr/share/texlive/texmf-dist/tex/latex/fancyhdr/fancyhdr.sty
Package: fancyhdr 2025/02/07 v5.2 Extensive control of page headers and footers

\f@nch@headwidth=\skip52
\f@nch@offset@elh=\skip53
\f@nch@offset@erh=\skip54
\f@nch@offset@olh=\skip55
\f@nch@offset@orh=\skip56
\f@nch@offset@elf=\skip57
\f@nch@offset@erf=\skip58
\f@nch@offset@olf=\skip59
\f@nch@offset@orf=\skip60
\f@nch@height=\skip61
\f@nch@footalignment=\skip62
\f@nch@widthL=\skip63
\f@nch@widthC=\skip64
\f@nch@widthR=\skip65
\@temptokenb=\toks21
)
(/usr/share/texlive/texmf-dist/tex/latex/animate/animate.sty
Package: animate 2024/10/14 PDF & SVG animations from files and inline graphics


(/usr/share/texlive/texmf-dist/tex/latex/base/ifthen.sty
Package: ifthen 2024/03/16 v1.1e Standard LaTeX ifthen package (DPC)
)
(/usr/share/texlive/texmf-dist/tex/latex/oberdiek/ifdraft.sty
Package: ifdraft 2016/05/16 v1.4 Detect class options draft and final (HO)
)
(/usr/share/texlive/texmf-dist/tex/latex/tools/calc.sty
Package: calc 2023/07/08 v4.3 Infix arithmetic (KKT,FJ)
\calc@Acount=\count291
\calc@Bcount=\count292
\calc@Adimen=\dimen152
\calc@Bdimen=\dimen153
\calc@Askip=\skip66
\calc@Bskip=\skip67
LaTeX Info: Redefining \setlength on input line 80.
LaTeX Info: Redefining \addtolength on input line 81.
\calc@Ccount=\count293
\calc@Cskip=\skip68
)
(/usr/share/texlive/texmf-dist/tex/latex/media9/pdfbase.sty
Package: pdfbase 2024/09/16 v0.59 driver independent access to low-level PDF fe
atures

(/usr/share/texlive/texmf-dist/tex/latex/l3backend/l3backend-pdftex.def
File: l3backend-pdftex.def 2024-05-08 L3 backend support: PDF output (pdfTeX)
\l__color_backend_stack_int=\count294
\l__pdf_internal_box=\box56
)
\g_pbs_page_int=\count295
\g_pbs_oc_int=\count296
)
(/usr/share/texlive/texmf-dist/tex/latex/zref/zref-abspage.sty
Package: zref-abspage 2023-09-14 v2.35 Module abspage for zref (HO)

(/usr/share/texlive/texmf-dist/tex/latex/zref/zref-base.sty
Package: zref-base 2023-09-14 v2.35 Module base for zref (HO)

(/usr/share/texlive/texmf-dist/tex/generic/etexcmds/etexcmds.sty
Package: etexcmds 2019/12/15 v1.7 Avoid name clashes with e-TeX commands (HO)
)
(/usr/share/texlive/texmf-dist/tex/latex/auxhook/auxhook.sty
Package: auxhook 2019-12-17 v1.6 Hooks for auxiliary files (HO)
)
Package zref Info: New property list: main on input line 767.
Package zref Info: New property: default on input line 768.
Package zref Info: New property: page on input line 769.
)
\c@abspage=\count297
Package zref Info: New property: abspage on input line 67.
)
(/usr/share/texlive/texmf-dist/tex/latex/ocgx2/ocgbase.sty
Package: ocgbase 2024/09/15 v0.24 support package for ocgx2.sty
)
\@anim@box=\box57
\@anim@measbox=\box58
\@anim@tmpdima=\dimen154
\@anim@tmpdimb=\dimen155
\@anim@num=\count298
\@anim@curframe=\count299
\@anim@curframe@zb=\count300
\@anim@resizeflags=\count301
\@anim@skipfram=\count302
\@anim@mulframecnt=\count303
\@anim@@tmlnfile=\read2
\@anim@tmpcnt=\count304
\c@@anim@ltxcnt=\count305
\@anim@curlayer=\count306
\@anim@lineno=\count307
\@anim@curfield=\count308
\@anim@@resizeflags=\count309
) (./Thesis.aux
(./Cover/TitleCard.aux) (./Cover/ThesisDetails.aux)

LaTeX Warning: Label `Spawn_Grounded' multiply defined.


LaTeX Warning: Label `Spawn_Grounded' multiply defined.


LaTeX Warning: Label `Spawn_Grounded' multiply defined.

)
\openout1 = `Thesis.aux'.

LaTeX Font Info:    Checking defaults for OML/cmm/m/it on input line 14.
LaTeX Font Info:    ... okay on input line 14.
LaTeX Font Info:    Checking defaults for OMS/cmsy/m/n on input line 14.
LaTeX Font Info:    ... okay on input line 14.
LaTeX Font Info:    Checking defaults for OT1/cmr/m/n on input line 14.
LaTeX Font Info:    ... okay on input line 14.
LaTeX Font Info:    Checking defaults for T1/cmr/m/n on input line 14.
LaTeX Font Info:    ... okay on input line 14.
LaTeX Font Info:    Checking defaults for TS1/cmr/m/n on input line 14.
LaTeX Font Info:    ... okay on input line 14.
LaTeX Font Info:    Checking defaults for OMX/cmex/m/n on input line 14.
LaTeX Font Info:    ... okay on input line 14.
LaTeX Font Info:    Checking defaults for U/cmr/m/n on input line 14.
LaTeX Font Info:    ... okay on input line 14.
LaTeX Font Info:    Checking defaults for PD1/pdf/m/n on input line 14.
LaTeX Font Info:    ... okay on input line 14.
LaTeX Font Info:    Checking defaults for PU/pdf/m/n on input line 14.
LaTeX Font Info:    ... okay on input line 14.
 (/usr/share/texlive/texmf-dist/tex/context/base/mkii/supp-pdf.mkii
[Loading MPS to PDF converter (version 2006.09.02).]
\scratchcounter=\count310
\scratchdimen=\dimen156
\scratchbox=\box59
\nofMPsegments=\count311
\nofMParguments=\count312
\everyMPshowfont=\toks22
\MPscratchCnt=\count313
\MPscratchDim=\dimen157
\MPnumerator=\count314
\makeMPintoPDFobject=\count315
\everyMPtoPDFconversion=\toks23
) (/usr/share/texlive/texmf-dist/tex/latex/epstopdf-pkg/epstopdf-base.sty
Package: epstopdf-base 2020-01-24 v2.11 Base part for package epstopdf
Package epstopdf-base Info: Redefining graphics rule for `.eps' on input line 4
85.

(/usr/share/texlive/texmf-dist/tex/latex/latexconfig/epstopdf-sys.cfg
File: epstopdf-sys.cfg 2010/07/13 v1.3 Configuration of (r)epstopdf for TeX Liv
e
))
Package hyperref Info: Link coloring OFF on input line 14.

(./Thesis.out) (./Thesis.out)
\@outlinefile=\write3
\openout3 = `Thesis.out'.

\c@lstlisting=\count316
\openout2 = `Cover/TitleCard.aux'.

 (./Cover/TitleCard.tex

LaTeX Font Warning: Font shape `OT1/cmr/bx/sc' undefined
(Font)              using `OT1/cmr/bx/n' instead on input line 7.

<Images/me_logo.png, id=40, 1204.5pt x 1148.29pt>
File: Images/me_logo.png Graphic file (type png)
<use Images/me_logo.png>
Package pdftex.def Info: Images/me_logo.png  used on input line 9.
(pdftex.def)             Requested size: 136.5572pt x 113.80196pt.
LaTeX Font Info:    External font `cmex10' loaded for size
(Font)              <14.4> on input line 25.
LaTeX Font Info:    External font `cmex10' loaded for size
(Font)              <7> on input line 25.


[1


{/var/lib/texmf/fonts/map/pdftex/updmap/pdftex.map} <./Images/me_logo.png>])
\openout2 = `Cover/ThesisDetails.aux'.


(./Cover/ThesisDetails.tex
Underfull \hbox (badness 10000) in paragraph at lines 12--13

 []


Underfull \hbox (badness 10000) in paragraph at lines 14--15

 []


Overfull \hbox (32.82317pt too wide) in paragraph at lines 16--17
\OT1/cmr/bx/n/12 A sza-k-dol-go-zat c^^S^^Pme: \OT1/cmr/m/n/12 Karak-ter-moz-ga
t^^Sas ^^Sallapotg^^Sepekkel a Godot j^^Sat^^Sekmotorban 
 []


Underfull \hbox (badness 10000) in paragraph at lines 16--17

 []


Overfull \hbox (4.12457pt too wide) in paragraph at lines 25--26
\OT1/cmr/m/it/12 meg-val^^Sos^^S^^Pt^^Sasa ^^Sallapotg^^Sepek al-ka-lmaz^^Sas^^
Saval. A munka k^^?oz^^Seppontj^^Saban egy olyan
 []


Overfull \hbox (21.09369pt too wide) in paragraph at lines 25--26
\OT1/cmr/m/it/12 szoftver-ar-chitekt^^Sura kialak^^S^^Pt^^Sasa ^^Sall, amely a 
j^^Sat^^Sekos aktu^^Salis ^^Sallapot^^Sat ^^Sallapotg^^Seppel
 []


Overfull \hbox (0.60469pt too wide) in paragraph at lines 25--26
\OT1/cmr/m/it/12 k^^?otve, ame-lyek az ^^Sallapotg^^Sepben egy^^Sertelm}uen mod
-ellezhet}ok. P^^Seld^^Saul az ugr^^Sas
 []


Overfull \hbox (7.3146pt too wide) in paragraph at lines 25--26
\OT1/cmr/m/it/12 A t^^Sema je-lent}os^^Sege ab-ban re-j-lik, hogy az ^^Sallapot
g^^Sepek haszn^^Salat^^Saval a j^^Sat^^Seklogika
 []


Underfull \hbox (badness 10000) in paragraph at lines 33--34

 []


Underfull \hbox (badness 10000) detected at line 45
\OT1/cmr/m/n/12 szakfelel}os
 []



[2



]
Overfull \hbox (4.12453pt too wide) in paragraph at lines 55--58
[]\OT1/cmr/m/n/12 Alul^^S^^Prott \OT1/cmr/bx/n/12 Hal^^Sasz M^^Sat^^Se S^^Sando
r\OT1/cmr/m/n/12 ; Neptun-k^^Sod: \OT1/cmtt/m/n/12 T1TNWL \OT1/cmr/m/n/12 a Mis
kolci Egyetem
 []


Underfull \hbox (badness 10000) in paragraph at lines 55--58

 []


Overfull \hbox (0.41817pt too wide) in paragraph at lines 66--68
[]\OT1/cmr/m/n/12 Alul^^S^^Prott ki-je-len-tem, hogy a pl^^Sagium fo-galm^^Sat 
megis-mertem, ^^Ses tu-dom^^Sasul
 []

LaTeX Font Info:    External font `cmex10' loaded for size
(Font)              <12> on input line 75.
LaTeX Font Info:    External font `cmex10' loaded for size
(Font)              <8> on input line 75.
LaTeX Font Info:    External font `cmex10' loaded for size
(Font)              <6> on input line 75.

Overfull \hbox (37.9634pt too wide) in paragraph at lines 75--79
[]| [] 
 []



[3]
Overfull \hbox (5.94478pt too wide) in paragraph at lines 86--94
[][] 
 []


Overfull \hbox (40.52455pt too wide) in paragraph at lines 100--106
[][] 
 []


Overfull \hbox (45.07271pt too wide) in paragraph at lines 120--130
\OT1/cmr/m/n/12 4. [] 
 []


Overfull \hbox (35.08934pt too wide) in paragraph at lines 157--164
\OT1/cmr/m/n/12 6. [] 
 []

)
Overfull \hbox (42.14502pt too wide) in paragraph at lines 167--22
\OT1/cmr/m/n/12 Miskolc, [] |  [] 
 []



[4] (./Thesis.toc)
\tf@toc=\write4
\openout4 = `Thesis.toc'.



[1



]
Overfull \hbox (8.57365pt too wide) in paragraph at lines 37--44
\OT1/cmr/m/n/12 egyszer}ubbek voltak, l^^Sasd: Doom, Wolfen-stein, Elite (1984)
 ahol a leg-fontosabb
 []


Overfull \hbox (50.89783pt too wide) in paragraph at lines 37--44
\OT1/cmr/m/n/12 egyes mozg^^Sassorozatoknak. A j^^Sat^^Sekosok k^^Sepesek k^^?u
l^^?onb^^?oz}o moz-du-la-tok v^^Segrehajt^^Sas^^Sara,
 []


Overfull \hbox (51.78995pt too wide) in paragraph at lines 37--44
\OT1/cmr/m/n/12 A sza-k-dol-go-zat v^^Seg^^Sere sz-eretn^^Sek egy tel-je-sen m}
uk^^?od}ok^^Sepes ^^Ses j^^Satszhat^^So mozg^^Sasrendszer-
 []


Overfull \hbox (58.12729pt too wide) in paragraph at lines 37--44
\OT1/cmr/m/n/12 protot^^S^^Ppust elk^^Sesz^^S^^Pteni, amely be-mu-tatja az ^^Sa
llapotg^^Sepek fontoss^^Sag^^Sat a mozg^^Sasrendszerek
 []




Package fancyhdr Warning: \headheight is too small (12.0pt): 
(fancyhdr)                Make it at least 15.71667pt, for example:
(fancyhdr)                \setlength{\headheight}{15.71667pt}.
(fancyhdr)                You might also make \topmargin smaller:
(fancyhdr)                \addtolength{\topmargin}{-3.71667pt}.


pdfTeX warning (ext4): destination with the same identifier (name{page.1}) has 
been already used, duplicate ignored
<to be read again> 
                   \relax 
l.44 
      [1

]
Overfull \hbox (34.30115pt too wide) in paragraph at lines 47--48
\OT1/cmr/m/n/12 Shooter, bi-zonyos Sport j^^Sat^^Sekok t^^?obbnyire azok, amik 
g^^?ordeszk^^Sakra, g^^?orkorcsoly^^Sakra
 []




Package fancyhdr Warning: \headheight is too small (12.0pt): 
(fancyhdr)                Make it at least 15.71667pt, for example:
(fancyhdr)                \setlength{\headheight}{15.71667pt}.
(fancyhdr)                You might also make \topmargin smaller:
(fancyhdr)                \addtolength{\topmargin}{-3.71667pt}.


pdfTeX warning (ext4): destination with the same identifier (name{page.2}) has 
been already used, duplicate ignored
<to be read again> 
                   \relax 
l.58 \begin{itemize}
                     [2]
Overfull \hbox (37.8964pt too wide) in paragraph at lines 60--61
[]\OT1/cmr/m/n/12 Krita-t haszn^^Saltam a Mod-ellek text^^Sur^^Sainak megra-j-z
ol^^Sas^^Sahoz ^^Ses SLK[]img2pixel-
 []


Overfull \hbox (17.9777pt too wide) in paragraph at lines 84--86
\OT1/cmr/m/n/12 Valamint a digit^^Salis kon-cepci^^So ra-j-zok elk^^Sesz^^S^^Pt
^^Ses^^Sehez ^^Ses a text^^Sur^^Sak megalkot^^Sas^^Sahoz
 []




Package fancyhdr Warning: \headheight is too small (12.0pt): 
(fancyhdr)                Make it at least 15.71667pt, for example:
(fancyhdr)                \setlength{\headheight}{15.71667pt}.
(fancyhdr)                You might also make \topmargin smaller:
(fancyhdr)                \addtolength{\topmargin}{-3.71667pt}.


pdfTeX warning (ext4): destination with the same identifier (name{page.3}) has 
been already used, duplicate ignored
<to be read again> 
                   \relax 
l.91 \item \underline
                     {Programozási Nyelv Támogatása:} A Godot-n belül va...
[3]


Package fancyhdr Warning: \headheight is too small (12.0pt): 
(fancyhdr)                Make it at least 15.71667pt, for example:
(fancyhdr)                \setlength{\headheight}{15.71667pt}.
(fancyhdr)                You might also make \topmargin smaller:
(fancyhdr)                \addtolength{\topmargin}{-3.71667pt}.


pdfTeX warning (ext4): destination with the same identifier (name{page.4}) has 
been already used, duplicate ignored
<to be read again> 
                   \relax 
l.114 
       [4]
<Images/JetSetRadio_Logo.jpg, id=106, 1084.05pt x 1084.05pt>
File: Images/JetSetRadio_Logo.jpg Graphic file (type jpg)
<use Images/JetSetRadio_Logo.jpg>
Package pdftex.def Info: Images/JetSetRadio_Logo.jpg  used on input line 121.
(pdftex.def)             Requested size: 390.0pt x 389.99304pt.



Package fancyhdr Warning: \headheight is too small (12.0pt): 
(fancyhdr)                Make it at least 15.71667pt, for example:
(fancyhdr)                \setlength{\headheight}{15.71667pt}.
(fancyhdr)                You might also make \topmargin smaller:
(fancyhdr)                \addtolength{\topmargin}{-3.71667pt}.

[5
pdfTeX warning (ext4): destination with the same identifier (name{figure.1}) ha
s been already used, duplicate ignored
<argument> ...shipout:D \box_use:N \l_shipout_box 
                                                  \__shipout_drop_firstpage_...
l.128 
       <./Images/JetSetRadio_Logo.jpg>]
<./Images/JSR_Gameplay/JetSetRadio_Gameplay-0.png, id=114, 401.5pt x 225.84375p
t>
File: ./Images/JSR_Gameplay/JetSetRadio_Gameplay-0.png Graphic file (type png)
<use ./Images/JSR_Gameplay/JetSetRadio_Gameplay-0.png>
Package pdftex.def Info: ./Images/JSR_Gameplay/JetSetRadio_Gameplay-0.png  used
 on input line 131.
(pdftex.def)             Requested size: 401.49901pt x 225.84319pt.
 <./Images/JSR_Gameplay/JetSetRadio_Gameplay-0.png> <a0,fr0>
<./Images/JSR_Gameplay/JetSetRadio_Gameplay-1.png, id=118, 401.5pt x 225.84375p
t>
File: ./Images/JSR_Gameplay/JetSetRadio_Gameplay-1.png Graphic file (type png)
<use ./Images/JSR_Gameplay/JetSetRadio_Gameplay-1.png>
Package pdftex.def Info: ./Images/JSR_Gameplay/JetSetRadio_Gameplay-1.png  used
 on input line 131.
(pdftex.def)             Requested size: 401.49901pt x 225.84319pt.
 <./Images/JSR_Gameplay/JetSetRadio_Gameplay-1.png>
<a0,fr1>
<./Images/JSR_Gameplay/JetSetRadio_Gameplay-2.png, id=122, 401.5pt x 225.84375p
t>
File: ./Images/JSR_Gameplay/JetSetRadio_Gameplay-2.png Graphic file (type png)
<use ./Images/JSR_Gameplay/JetSetRadio_Gameplay-2.png>
Package pdftex.def Info: ./Images/JSR_Gameplay/JetSetRadio_Gameplay-2.png  used
 on input line 131.
(pdftex.def)             Requested size: 401.49901pt x 225.84319pt.
 <./Images/JSR_Gameplay/JetSetRadio_Gameplay-2.png> <a0,fr2>
<./Images/JSR_Gameplay/JetSetRadio_Gameplay-3.png, id=126, 401.5pt x 225.84375p
t>
File: ./Images/JSR_Gameplay/JetSetRadio_Gameplay-3.png Graphic file (type png)
<use ./Images/JSR_Gameplay/JetSetRadio_Gameplay-3.png>
Package pdftex.def Info: ./Images/JSR_Gameplay/JetSetRadio_Gameplay-3.png  used
 on input line 131.
(pdftex.def)             Requested size: 401.49901pt x 225.84319pt.
 <./Images/JSR_Gameplay/JetSetRadio_Gameplay-3.png> <a0,fr3>
<./Images/JSR_Gameplay/JetSetRadio_Gameplay-4.png, id=130, 401.5pt x 225.84375p
t>
File: ./Images/JSR_Gameplay/JetSetRadio_Gameplay-4.png Graphic file (type png)
<use ./Images/JSR_Gameplay/JetSetRadio_Gameplay-4.png>
Package pdftex.def Info: ./Images/JSR_Gameplay/JetSetRadio_Gameplay-4.png  used
 on input line 131.
(pdftex.def)             Requested size: 401.49901pt x 225.84319pt.
 <./Images/JSR_Gameplay/JetSetRadio_Gameplay-4.png> <a0,fr4>
<./Images/JSR_Gameplay/JetSetRadio_Gameplay-5.png, id=134, 401.5pt x 225.84375p
t>
File: ./Images/JSR_Gameplay/JetSetRadio_Gameplay-5.png Graphic file (type png)
<use ./Images/JSR_Gameplay/JetSetRadio_Gameplay-5.png>
Package pdftex.def Info: ./Images/JSR_Gameplay/JetSetRadio_Gameplay-5.png  used
 on input line 131.
(pdftex.def)             Requested size: 401.49901pt x 225.84319pt.
 <./Images/JSR_Gameplay/JetSetRadio_Gameplay-5.png> <a0,fr5>
<./Images/JSR_Gameplay/JetSetRadio_Gameplay-6.png, id=138, 401.5pt x 225.84375p
t>
File: ./Images/JSR_Gameplay/JetSetRadio_Gameplay-6.png Graphic file (type png)
<use ./Images/JSR_Gameplay/JetSetRadio_Gameplay-6.png>
Package pdftex.def Info: ./Images/JSR_Gameplay/JetSetRadio_Gameplay-6.png  used
 on input line 131.
(pdftex.def)             Requested size: 401.49901pt x 225.84319pt.
 <./Images/JSR_Gameplay/JetSetRadio_Gameplay-6.png> <a0,fr6>
<./Images/JSR_Gameplay/JetSetRadio_Gameplay-7.png, id=142, 401.5pt x 225.84375p
t>
File: ./Images/JSR_Gameplay/JetSetRadio_Gameplay-7.png Graphic file (type png)
<use ./Images/JSR_Gameplay/JetSetRadio_Gameplay-7.png>
Package pdftex.def Info: ./Images/JSR_Gameplay/JetSetRadio_Gameplay-7.png  used
 on input line 131.
(pdftex.def)             Requested size: 401.49901pt x 225.84319pt.
 <./Images/JSR_Gameplay/JetSetRadio_Gameplay-7.png> <a0,fr7>
<./Images/JSR_Gameplay/JetSetRadio_Gameplay-8.png, id=146, 401.5pt x 225.84375p
t>
File: ./Images/JSR_Gameplay/JetSetRadio_Gameplay-8.png Graphic file (type png)
<use ./Images/JSR_Gameplay/JetSetRadio_Gameplay-8.png>
Package pdftex.def Info: ./Images/JSR_Gameplay/JetSetRadio_Gameplay-8.png  used
 on input line 131.
(pdftex.def)             Requested size: 401.49901pt x 225.84319pt.
 <./Images/JSR_Gameplay/JetSetRadio_Gameplay-8.png> <a0,fr8>
<./Images/JSR_Gameplay/JetSetRadio_Gameplay-9.png, id=150, 401.5pt x 225.84375p
t>
File: ./Images/JSR_Gameplay/JetSetRadio_Gameplay-9.png Graphic file (type png)
<use ./Images/JSR_Gameplay/JetSetRadio_Gameplay-9.png>
Package pdftex.def Info: ./Images/JSR_Gameplay/JetSetRadio_Gameplay-9.png  used
 on input line 131.
(pdftex.def)             Requested size: 401.49901pt x 225.84319pt.
 <./Images/JSR_Gameplay/JetSetRadio_Gameplay-9.png> <a0,fr9>
<./Images/JSR_Gameplay/JetSetRadio_Gameplay-10.png, id=154, 401.5pt x 225.84375
pt>
File: ./Images/JSR_Gameplay/JetSetRadio_Gameplay-10.png Graphic file (type png)

<use ./Images/JSR_Gameplay/JetSetRadio_Gameplay-10.png>
Package pdftex.def Info: ./Images/JSR_Gameplay/JetSetRadio_Gameplay-10.png  use
d on input line 131.
(pdftex.def)             Requested size: 401.49901pt x 225.84319pt.
 <./Images/JSR_Gameplay/JetSetRadio_Gameplay-10.png> <a0,fr10>
<./Images/JSR_Gameplay/JetSetRadio_Gameplay-11.png, id=158, 401.5pt x 225.84375
pt>
File: ./Images/JSR_Gameplay/JetSetRadio_Gameplay-11.png Graphic file (type png)

<use ./Images/JSR_Gameplay/JetSetRadio_Gameplay-11.png>
Package pdftex.def Info: ./Images/JSR_Gameplay/JetSetRadio_Gameplay-11.png  use
d on input line 131.
(pdftex.def)             Requested size: 401.49901pt x 225.84319pt.
 <./Images/JSR_Gameplay/JetSetRadio_Gameplay-11.png> <a0,fr11>
<./Images/JSR_Gameplay/JetSetRadio_Gameplay-12.png, id=162, 401.5pt x 225.84375
pt>
File: ./Images/JSR_Gameplay/JetSetRadio_Gameplay-12.png Graphic file (type png)

<use ./Images/JSR_Gameplay/JetSetRadio_Gameplay-12.png>
Package pdftex.def Info: ./Images/JSR_Gameplay/JetSetRadio_Gameplay-12.png  use
d on input line 131.
(pdftex.def)             Requested size: 401.49901pt x 225.84319pt.
 <./Images/JSR_Gameplay/JetSetRadio_Gameplay-12.png> <a0,fr12>
<./Images/JSR_Gameplay/JetSetRadio_Gameplay-13.png, id=166, 401.5pt x 225.84375
pt>
File: ./Images/JSR_Gameplay/JetSetRadio_Gameplay-13.png Graphic file (type png)

<use ./Images/JSR_Gameplay/JetSetRadio_Gameplay-13.png>
Package pdftex.def Info: ./Images/JSR_Gameplay/JetSetRadio_Gameplay-13.png  use
d on input line 131.
(pdftex.def)             Requested size: 401.49901pt x 225.84319pt.
 <./Images/JSR_Gameplay/JetSetRadio_Gameplay-13.png> <a0,fr13>
<./Images/JSR_Gameplay/JetSetRadio_Gameplay-14.png, id=170, 401.5pt x 225.84375
pt>
File: ./Images/JSR_Gameplay/JetSetRadio_Gameplay-14.png Graphic file (type png)

<use ./Images/JSR_Gameplay/JetSetRadio_Gameplay-14.png>
Package pdftex.def Info: ./Images/JSR_Gameplay/JetSetRadio_Gameplay-14.png  use
d on input line 131.
(pdftex.def)             Requested size: 401.49901pt x 225.84319pt.
 <./Images/JSR_Gameplay/JetSetRadio_Gameplay-14.png>
<a0,fr14>
<./Images/JSR_Gameplay/JetSetRadio_Gameplay-15.png, id=174, 401.5pt x 225.84375
pt>
File: ./Images/JSR_Gameplay/JetSetRadio_Gameplay-15.png Graphic file (type png)

<use ./Images/JSR_Gameplay/JetSetRadio_Gameplay-15.png>
Package pdftex.def Info: ./Images/JSR_Gameplay/JetSetRadio_Gameplay-15.png  use
d on input line 131.
(pdftex.def)             Requested size: 401.49901pt x 225.84319pt.
 <./Images/JSR_Gameplay/JetSetRadio_Gameplay-15.png> <a0,fr15>
<./Images/JSR_Gameplay/JetSetRadio_Gameplay-16.png, id=178, 401.5pt x 225.84375
pt>
File: ./Images/JSR_Gameplay/JetSetRadio_Gameplay-16.png Graphic file (type png)

<use ./Images/JSR_Gameplay/JetSetRadio_Gameplay-16.png>
Package pdftex.def Info: ./Images/JSR_Gameplay/JetSetRadio_Gameplay-16.png  use
d on input line 131.
(pdftex.def)             Requested size: 401.49901pt x 225.84319pt.
 <./Images/JSR_Gameplay/JetSetRadio_Gameplay-16.png> <a0,fr16>
<./Images/JSR_Gameplay/JetSetRadio_Gameplay-17.png, id=182, 401.5pt x 225.84375
pt>
File: ./Images/JSR_Gameplay/JetSetRadio_Gameplay-17.png Graphic file (type png)

<use ./Images/JSR_Gameplay/JetSetRadio_Gameplay-17.png>
Package pdftex.def Info: ./Images/JSR_Gameplay/JetSetRadio_Gameplay-17.png  use
d on input line 131.
(pdftex.def)             Requested size: 401.49901pt x 225.84319pt.
 <./Images/JSR_Gameplay/JetSetRadio_Gameplay-17.png> <a0,fr17>
<./Images/JSR_Gameplay/JetSetRadio_Gameplay-18.png, id=186, 401.5pt x 225.84375
pt>
File: ./Images/JSR_Gameplay/JetSetRadio_Gameplay-18.png Graphic file (type png)

<use ./Images/JSR_Gameplay/JetSetRadio_Gameplay-18.png>
Package pdftex.def Info: ./Images/JSR_Gameplay/JetSetRadio_Gameplay-18.png  use
d on input line 131.
(pdftex.def)             Requested size: 401.49901pt x 225.84319pt.
 <./Images/JSR_Gameplay/JetSetRadio_Gameplay-18.png> <a0,fr18>
<./Images/JSR_Gameplay/JetSetRadio_Gameplay-19.png, id=190, 401.5pt x 225.84375
pt>
File: ./Images/JSR_Gameplay/JetSetRadio_Gameplay-19.png Graphic file (type png)

<use ./Images/JSR_Gameplay/JetSetRadio_Gameplay-19.png>
Package pdftex.def Info: ./Images/JSR_Gameplay/JetSetRadio_Gameplay-19.png  use
d on input line 131.
(pdftex.def)             Requested size: 401.49901pt x 225.84319pt.
 <./Images/JSR_Gameplay/JetSetRadio_Gameplay-19.png>
<a0,fr19>
<./Images/JSR_Gameplay/JetSetRadio_Gameplay-20.png, id=194, 401.5pt x 225.84375
pt>
File: ./Images/JSR_Gameplay/JetSetRadio_Gameplay-20.png Graphic file (type png)

<use ./Images/JSR_Gameplay/JetSetRadio_Gameplay-20.png>
Package pdftex.def Info: ./Images/JSR_Gameplay/JetSetRadio_Gameplay-20.png  use
d on input line 131.
(pdftex.def)             Requested size: 401.49901pt x 225.84319pt.
 <./Images/JSR_Gameplay/JetSetRadio_Gameplay-20.png> <a0,fr20>
<./Images/JSR_Gameplay/JetSetRadio_Gameplay-21.png, id=198, 401.5pt x 225.84375
pt>
File: ./Images/JSR_Gameplay/JetSetRadio_Gameplay-21.png Graphic file (type png)

<use ./Images/JSR_Gameplay/JetSetRadio_Gameplay-21.png>
Package pdftex.def Info: ./Images/JSR_Gameplay/JetSetRadio_Gameplay-21.png  use
d on input line 131.
(pdftex.def)             Requested size: 401.49901pt x 225.84319pt.
 <./Images/JSR_Gameplay/JetSetRadio_Gameplay-21.png> <a0,fr21>
<./Images/JSR_Gameplay/JetSetRadio_Gameplay-22.png, id=202, 401.5pt x 225.84375
pt>
File: ./Images/JSR_Gameplay/JetSetRadio_Gameplay-22.png Graphic file (type png)

<use ./Images/JSR_Gameplay/JetSetRadio_Gameplay-22.png>
Package pdftex.def Info: ./Images/JSR_Gameplay/JetSetRadio_Gameplay-22.png  use
d on input line 131.
(pdftex.def)             Requested size: 401.49901pt x 225.84319pt.
 <./Images/JSR_Gameplay/JetSetRadio_Gameplay-22.png> <a0,fr22>
<./Images/JSR_Gameplay/JetSetRadio_Gameplay-23.png, id=206, 401.5pt x 225.84375
pt>
File: ./Images/JSR_Gameplay/JetSetRadio_Gameplay-23.png Graphic file (type png)

<use ./Images/JSR_Gameplay/JetSetRadio_Gameplay-23.png>
Package pdftex.def Info: ./Images/JSR_Gameplay/JetSetRadio_Gameplay-23.png  use
d on input line 131.
(pdftex.def)             Requested size: 401.49901pt x 225.84319pt.
 <./Images/JSR_Gameplay/JetSetRadio_Gameplay-23.png> <a0,fr23>
<./Images/JSR_Gameplay/JetSetRadio_Gameplay-24.png, id=211, 401.5pt x 225.84375
pt>
File: ./Images/JSR_Gameplay/JetSetRadio_Gameplay-24.png Graphic file (type png)

<use ./Images/JSR_Gameplay/JetSetRadio_Gameplay-24.png>
Package pdftex.def Info: ./Images/JSR_Gameplay/JetSetRadio_Gameplay-24.png  use
d on input line 131.
(pdftex.def)             Requested size: 401.49901pt x 225.84319pt.
 <./Images/JSR_Gameplay/JetSetRadio_Gameplay-24.png>
<a0,fr24>
<./Images/JSR_Gameplay/JetSetRadio_Gameplay-25.png, id=215, 401.5pt x 225.84375
pt>
File: ./Images/JSR_Gameplay/JetSetRadio_Gameplay-25.png Graphic file (type png)

<use ./Images/JSR_Gameplay/JetSetRadio_Gameplay-25.png>
Package pdftex.def Info: ./Images/JSR_Gameplay/JetSetRadio_Gameplay-25.png  use
d on input line 131.
(pdftex.def)             Requested size: 401.49901pt x 225.84319pt.
 <./Images/JSR_Gameplay/JetSetRadio_Gameplay-25.png> <a0,fr25>
<./Images/JSR_Gameplay/JetSetRadio_Gameplay-26.png, id=219, 401.5pt x 225.84375
pt>
File: ./Images/JSR_Gameplay/JetSetRadio_Gameplay-26.png Graphic file (type png)

<use ./Images/JSR_Gameplay/JetSetRadio_Gameplay-26.png>
Package pdftex.def Info: ./Images/JSR_Gameplay/JetSetRadio_Gameplay-26.png  use
d on input line 131.
(pdftex.def)             Requested size: 401.49901pt x 225.84319pt.
 <./Images/JSR_Gameplay/JetSetRadio_Gameplay-26.png> <a0,fr26>
<Images/BombRushCyberfunk_Logo.jpg, id=281, 1003.75pt x 564.1075pt>
File: Images/BombRushCyberfunk_Logo.jpg Graphic file (type jpg)
<use Images/BombRushCyberfunk_Logo.jpg>
Package pdftex.def Info: Images/BombRushCyberfunk_Logo.jpg  used on input line 
140.
(pdftex.def)             Requested size: 390.0pt x 219.1833pt.



Package fancyhdr Warning: \headheight is too small (12.0pt): 
(fancyhdr)                Make it at least 15.71667pt, for example:
(fancyhdr)                \setlength{\headheight}{15.71667pt}.
(fancyhdr)                You might also make \topmargin smaller:
(fancyhdr)                \addtolength{\topmargin}{-3.71667pt}.

[6
pdfTeX warning (ext4): destination with the same identifier (name{figure.2}) ha
s been already used, duplicate ignored
<argument> ...shipout:D \box_use:N \l_shipout_box 
                                                  \__shipout_drop_firstpage_...
l.144 
      ]
<Images/BombRushCyberfunk_InAction.jpg, id=290, 1284.8pt x 722.7pt>
File: Images/BombRushCyberfunk_InAction.jpg Graphic file (type jpg)
<use Images/BombRushCyberfunk_InAction.jpg>
Package pdftex.def Info: Images/BombRushCyberfunk_InAction.jpg  used on input l
ine 149.
(pdftex.def)             Requested size: 390.0pt x 219.37004pt.



Package fancyhdr Warning: \headheight is too small (12.0pt): 
(fancyhdr)                Make it at least 15.71667pt, for example:
(fancyhdr)                \setlength{\headheight}{15.71667pt}.
(fancyhdr)                You might also make \topmargin smaller:
(fancyhdr)                \addtolength{\topmargin}{-3.71667pt}.

[7
pdfTeX warning (ext4): destination with the same identifier (name{figure.3}) ha
s been already used, duplicate ignored
<argument> ...shipout:D \box_use:N \l_shipout_box 
                                                  \__shipout_drop_firstpage_...
l.153 
       <./Images/BombRushCyberfunk_Logo.jpg>]
Overfull \hbox (2.49825pt too wide) in paragraph at lines 165--167
\OT1/cmr/m/n/12 hanem a pro-gram maga is. El}ofordulhatnak esem^^Senyek, ame-ly
ek be-foly^^Sasolj^^Sak
 []


Overfull \hbox (3.18156pt too wide) in paragraph at lines 165--167
\OT1/cmr/m/n/12 a j^^Sat^^Sekos mozg^^Sas^^Sat ^^Ses egy-ben az ^^Sallapot^^Sat
 is. Ah-hoz, hogy megk^^?ul^^?onb^^?oztessem
 []


Overfull \hbox (5.77505pt too wide) in paragraph at lines 165--167
\OT1/cmr/m/n/12 a pro-gram esem^^Senyeit a j^^Sat^^Sekos be-menteit}ol el-n-eve
ztem azokat az esem^^Senyeket,
 []




Package fancyhdr Warning: \headheight is too small (12.0pt): 
(fancyhdr)                Make it at least 15.71667pt, for example:
(fancyhdr)                \setlength{\headheight}{15.71667pt}.
(fancyhdr)                You might also make \topmargin smaller:
(fancyhdr)                \addtolength{\topmargin}{-3.71667pt}.

[8
pdfTeX warning (ext4): destination with the same identifier (name{figure.4}) ha
s been already used, duplicate ignored
<argument> ...shipout:D \box_use:N \l_shipout_box 
                                                  \__shipout_drop_firstpage_...
l.167 
       <./Images/BombRushCyberfunk_InAction.jpg>]
<Diagrams/SpawnIn-Grounded.png, id=304, 439.6425pt x 162.6075pt>
File: Diagrams/SpawnIn-Grounded.png Graphic file (type png)
<use Diagrams/SpawnIn-Grounded.png>
Package pdftex.def Info: Diagrams/SpawnIn-Grounded.png  used on input line 170.

(pdftex.def)             Requested size: 390.0pt x 144.25127pt.
<Diagrams/Grounded-Idle.png, id=305, 238.64156pt x 496.10344pt>
File: Diagrams/Grounded-Idle.png Graphic file (type png)
<use Diagrams/Grounded-Idle.png>
Package pdftex.def Info: Diagrams/Grounded-Idle.png  used on input line 179.
(pdftex.def)             Requested size: 284.7917pt x 592.0pt.



Package fancyhdr Warning: \headheight is too small (12.0pt): 
(fancyhdr)                Make it at least 15.71667pt, for example:
(fancyhdr)                \setlength{\headheight}{15.71667pt}.
(fancyhdr)                You might also make \topmargin smaller:
(fancyhdr)                \addtolength{\topmargin}{-3.71667pt}.

[9
pdfTeX warning (ext4): destination with the same identifier (name{figure.5}) ha
s been already used, duplicate ignored
<argument> ...shipout:D \box_use:N \l_shipout_box 
                                                  \__shipout_drop_firstpage_...
l.183 
       <./Diagrams/SpawnIn-Grounded.png>]
Overfull \vbox (27.5pt too high) has occurred while \output is active []




Package fancyhdr Warning: \headheight is too small (12.0pt): 
(fancyhdr)                Make it at least 15.71667pt, for example:
(fancyhdr)                \setlength{\headheight}{15.71667pt}.
(fancyhdr)                You might also make \topmargin smaller:
(fancyhdr)                \addtolength{\topmargin}{-3.71667pt}.

[10
pdfTeX warning (ext4): destination with the same identifier (name{figure.6}) ha
s been already used, duplicate ignored
<argument> ...shipout:D \box_use:N \l_shipout_box 
                                                  \__shipout_drop_firstpage_...
l.183 
       <./Diagrams/Grounded-Idle.png>]
<Diagrams/Grounded-Movement.png, id=321, 1017.04968pt x 152.06813pt>
File: Diagrams/Grounded-Movement.png Graphic file (type png)
<use Diagrams/Grounded-Movement.png>
Package pdftex.def Info: Diagrams/Grounded-Movement.png  used on input line 188
.
(pdftex.def)             Requested size: 390.0pt x 58.3132pt.
<Diagrams/Moving-InAir.png, id=322, 741.52031pt x 313.9228pt>
File: Diagrams/Moving-InAir.png Graphic file (type png)
<use Diagrams/Moving-InAir.png>
Package pdftex.def Info: Diagrams/Moving-InAir.png  used on input line 197.
(pdftex.def)             Requested size: 390.0pt x 165.10892pt.



Package fancyhdr Warning: \headheight is too small (12.0pt): 
(fancyhdr)                Make it at least 15.71667pt, for example:
(fancyhdr)                \setlength{\headheight}{15.71667pt}.
(fancyhdr)                You might also make \topmargin smaller:
(fancyhdr)                \addtolength{\topmargin}{-3.71667pt}.

[11
pdfTeX warning (ext4): destination with the same identifier (name{figure.7}) ha
s been already used, duplicate ignored
<argument> ...shipout:D \box_use:N \l_shipout_box 
                                                  \__shipout_drop_firstpage_...
l.213 \end{document}
                    
pdfTeX warning (ext4): destination with the same identifier (name{figure.8}) ha
s been already used, duplicate ignored
<argument> ...shipout:D \box_use:N \l_shipout_box 
                                                  \__shipout_drop_firstpage_...
l.213 \end{document}
                     <./Diagrams/Grounded-Movement.png> <./Diagrams/Moving-InAi
r.png>] [12] (./Thesis.aux (./Cover/TitleCard.aux) (./Cover/ThesisDetails.aux))
 ***********
LaTeX2e <2024-11-01> patch level 2
L3 programming layer <2025-01-18>
 ***********

LaTeX Font Warning: Some font shapes were not available, defaults substituted.


LaTeX Warning: There were multiply-defined labels.


LaTeX Warning: Temporary extra page added at the end. Rerun to get it removed.

Package rerunfilecheck Info: File `Thesis.out' has not changed.
(rerunfilecheck)             Checksum: D26BBE49AD4FDCCB3148AD7224EDDD8B;1394.
 ) 
Here is how much of TeX's memory you used:
 12260 strings out of 475135
 211732 string characters out of 5765398
 613351 words of memory out of 5000000
 35081 multiletter control sequences out of 15000+600000
 566803 words of font info for 62 fonts, out of 8000000 for 9000
 36 hyphenation exceptions out of 8191
 76i,12n,80p,1481b,516s stack positions out of 10000i,1000n,20000p,200000b,200000s
 </home/yagi/.texlive2025/texmf-var/fonts/pk/ljfour/jknappen/ec/tcrm1200.600p
k> </home/yagi/.texlive2025/texmf-var/fonts/pk/ljfour/jknappen/ec/tcti1200.600p
k></usr/share/texlive/texmf-dist/fonts/type1/public/amsfonts/cm/cmbx12.pfb></us
r/share/texlive/texmf-dist/fonts/type1/public/amsfonts/cm/cmr12.pfb></usr/share
/texlive/texmf-dist/fonts/type1/public/amsfonts/cm/cmr8.pfb></usr/share/texlive
/texmf-dist/fonts/type1/public/amsfonts/cm/cmsl12.pfb></usr/share/texlive/texmf
-dist/fonts/type1/public/amsfonts/cm/cmti12.pfb></usr/share/texlive/texmf-dist/
fonts/type1/public/amsfonts/cm/cmtt12.pfb>
Output written on Thesis.pdf (17 pages, 1930993 bytes).
PDF statistics:
 381 PDF objects out of 1000 (max. 8388607)
 236 compressed objects within 3 object streams
 31 named destinations out of 1000 (max. 500000)
 478 words of extra memory for PDF output out of 10000 (max. 10000000)

