\BOOKMARK [0][-]{chapter.1}{\376\377\000B\000e\000v\000e\000z\000e\000t\000\351\000s}{}% 1
\BOOKMARK [0][-]{chapter.2}{\376\377\000F\000S\000M}{}% 2
\BOOKMARK [1][-]{section.2.1}{\376\377\000M\000a\000t\000e\000m\000a\000t\000i\000k\000a\000i\000\040\000m\000e\000g\000k\000\366\000z\000e\000l\000\355\000t\000\351\000s}{chapter.2}% 3
\BOOKMARK [1][-]{section.2.2}{\376\377\000P\000r\000o\000g\000r\000a\000m\000o\000z\000\363\000i\000\040\000m\000e\000g\000k\000\366\000z\000e\000l\000\355\000t\000\351\000s}{chapter.2}% 4
\BOOKMARK [0][-]{chapter.3}{\376\377\000K\000o\000n\000c\000e\000p\000c\000i\000\363}{}% 5
\BOOKMARK [1][-]{section.3.1}{\376\377\000J\000\341\000t\000\351\000k\000m\000e\000n\000e\000t}{chapter.3}% 6
\BOOKMARK [1][-]{section.3.2}{\376\377\000H\000a\000s\000z\000n\000\341\000l\000t\000\040\000t\000e\000c\000h\000n\000o\000l\000\363\000g\000i\000\341\000k}{chapter.3}% 7
\BOOKMARK [1][-]{section.3.3}{\376\377\000F\000e\000j\000l\000e\000s\000z\000t\000\351\000s\000i\000\040\000K\000\366\000r\000n\000y\000e\000z\000e\000t}{chapter.3}% 8
\BOOKMARK [1][-]{section.3.4}{\376\377\000J\000\341\000t\000\351\000k\000m\000o\000t\000o\000r\000,\000\040\000p\000r\000o\000g\000r\000a\000m\000o\000z\000\341\000s\000i\000\040\000n\000y\000e\000l\000v\000\040\000\351\000s\000\040\000f\000e\000j\000l\000e\000s\000z\000t\001\121\000k\000\366\000r\000n\000y\000e\000z\000e\000t}{chapter.3}% 9
\BOOKMARK [1][-]{section.3.5}{\376\377\000V\000i\000z\000u\000\341\000l\000i\000s\000\040\000v\000i\000l\000\341\000g\000\040\000m\000e\000g\000t\000e\000r\000v\000e\000z\000\351\000s\000e}{chapter.3}% 10
\BOOKMARK [1][-]{section.3.6}{\376\377\000M\000o\000z\000g\000\341\000s\000r\000e\000n\000d\000s\000z\000e\000r}{chapter.3}% 11
\BOOKMARK [2][-]{subsection.3.6.1}{\376\377\000\301\000l\000l\000a\000p\000o\000t\000o\000k}{section.3.6}% 12
\BOOKMARK [2][-]{subsection.3.6.2}{\376\377\000O\000s\000z\000t\000\341\000l\000y\000o\000k}{section.3.6}% 13
\BOOKMARK [0][-]{chapter.4}{\376\377\000M\000e\000g\000v\000a\000l\000\363\000s\000\355\000t\000\341\000s}{}% 14
\BOOKMARK [1][-]{section.4.1}{\376\377\000A\000z\000\040\000a\000l\000a\000p\000o\000k}{chapter.4}% 15
\BOOKMARK [1][-]{section.4.2}{\376\377\000R\000i\000g\000i\000d\000B\000o\000d\000y\000\040\000v\000s\000\040\000C\000h\000a\000r\000a\000c\000t\000e\000r\000B\000o\000d\000y}{chapter.4}% 16
\BOOKMARK [1][-]{section.4.3}{\376\377\000A\000\040\000j\000\341\000t\000\351\000k\000o\000s\000\040\000s\000z\000\355\000n\000t\000e\000r\000e}{chapter.4}% 17
\BOOKMARK [1][-]{section.4.4}{\376\377\000M\000\363\000d\000o\000s\000\355\000t\000\341\000s\000o\000k}{chapter.4}% 18
\BOOKMARK [1][-]{section.4.5}{\376\377\000A\000z\000\040\000\341\000l\000l\000a\000p\000o\000t\000o\000k\000\040\000m\000e\000g\000v\000a\000l\000\363\000s\000\355\000t\000\341\000s\000a}{chapter.4}% 19
\BOOKMARK [1][-]{section.4.6}{\376\377\000M\000o\000d\000e\000l\000l\000e\000z\000\351\000s\000\040\000\351\000s\000\040\000T\000e\000x\000t\000\372\000r\000\341\000z\000\341\000s}{chapter.4}% 20
\BOOKMARK [1][-]{section.4.7}{\376\377\000\332\000j\000\040\000\341\000l\000l\000a\000p\000o\000t\000\040\000H\000o\000z\000z\000\341\000a\000d\000\341\000s\000a}{chapter.4}% 21
\BOOKMARK [0][-]{chapter.5}{\376\377\000T\000e\000s\000z\000t\000e\000l\000\351\000s}{}% 22
\BOOKMARK [1][-]{section.5.1}{\376\377\000A\000\040\000t\000e\000s\000z\000t\000e\000l\000\351\000s\000\040\000c\000\351\000l\000j\000a}{chapter.5}% 23
\BOOKMARK [1][-]{section.5.2}{\376\377\000\301\000l\000l\000a\000p\000o\000t\000\341\000t\000m\000e\000n\000e\000t\000e\000k\000\040\000t\000e\000s\000z\000t\000e\000l\000\351\000s\000e}{chapter.5}% 24
\BOOKMARK [1][-]{section.5.3}{\376\377\000M\000o\000z\000g\000\341\000s\000f\000u\000n\000k\000c\000i\000\363\000k\000\040\000t\000e\000s\000z\000t\000e\000l\000\351\000s\000e}{chapter.5}% 25
\BOOKMARK [1][-]{section.5.4}{\376\377\000\326\000s\000s\000z\000e\000g\000z\000\351\000s}{chapter.5}% 26
\BOOKMARK [0][-]{chapter.6}{\376\377\000\326\000s\000s\000z\000e\000f\000o\000g\000l\000a\000l\000\341\000s}{}% 27
\BOOKMARK [1][-]{section.6.1}{\376\377\000T\000o\000v\000\341\000b\000b\000f\000e\000j\000l\000e\000s\000z\000t\000\351\000s}{chapter.6}% 28
\BOOKMARK [0][-]{chapter.7}{\376\377\000S\000u\000m\000m\000a\000r\000y}{}% 29
\BOOKMARK [1][-]{section.7.1}{\376\377\000F\000u\000t\000u\000r\000e\000\040\000i\000m\000p\000r\000o\000v\000e\000m\000e\000n\000t\000s}{chapter.7}% 30
